Arguments: 
  /usr/local/bin/node /usr/local/bin/yarn test challenger-02

PATH: 
  /Users/igorvieira/Library/pnpm:/Library/Frameworks/Python.framework/Versions/3.5/bin:/Library/Frameworks/Python.framework/Versions/3.10/bin:/opt/homebrew/bin:/opt/homebrew/sbin:/usr/local/bin:/usr/bin:/bin:/usr/sbin:/sbin:/Users/igorvieira/.fig/bin:/Users/igorvieira/.local/bin

Yarn version: 
  1.22.17

Node version: 
  16.13.0

Platform: 
  darwin arm64

Trace: 
  SyntaxError: /Users/igorvieira/Projects/study/challenges/package.json: Unexpected token } in JSON at position 174
      at JSON.parse (<anonymous>)
      at /usr/local/lib/node_modules/yarn/lib/cli.js:1625:59
      at Generator.next (<anonymous>)
      at step (/usr/local/lib/node_modules/yarn/lib/cli.js:310:30)
      at /usr/local/lib/node_modules/yarn/lib/cli.js:321:13

npm manifest: 
  {
    "name": "challenges",
    "version": "1.0.0",
    "main": "index.js",
    "license": "MIT",
    "scripts": {
      "test": "jest"
    },
    "dependencies": {
      "jest": "^28.1.1",
    }
  }

yarn manifest: 
  No manifest

Lockfile: 
  No lockfile
